<?xml version="1.0" encoding="UTF-8"?>
<testsuite name="kr.ac.jejunu.UserDaoTests" tests="4" skipped="0" failures="0" errors="0" timestamp="2022-04-08T08:41:26" hostname="gimdoyun-ui-MacBookPro.local" time="0.873">
  <properties/>
  <testcase name="delete()" classname="kr.ac.jejunu.UserDaoTests" time="0.647"/>
  <testcase name="insert()" classname="kr.ac.jejunu.UserDaoTests" time="0.095"/>
  <testcase name="update()" classname="kr.ac.jejunu.UserDaoTests" time="0.096"/>
  <testcase name="findById()" classname="kr.ac.jejunu.UserDaoTests" time="0.025"/>
  <system-out><![CDATA[]]></system-out>
  <system-err><![CDATA[]]></system-err>
</testsuite>
