<?xml version="1.0" encoding="UTF-8"?>
<testsuite name="kr.ac.jejunu.UserDaoTests" tests="4" skipped="0" failures="0" errors="0" timestamp="2022-03-25T07:49:29" hostname="gimdoyun-ui-MacBookPro.local" time="0.759">
  <properties/>
  <testcase name="insert()" classname="kr.ac.jejunu.UserDaoTests" time="0.574"/>
  <testcase name="findById()" classname="kr.ac.jejunu.UserDaoTests" time="0.032"/>
  <testcase name="findByIdForHalla()" classname="kr.ac.jejunu.UserDaoTests" time="0.053"/>
  <testcase name="insertForHalla()" classname="kr.ac.jejunu.UserDaoTests" time="0.093"/>
  <system-out><![CDATA[]]></system-out>
  <system-err><![CDATA[]]></system-err>
</testsuite>
