<?xml version="1.0" encoding="UTF-8"?>
<testsuite name="kr.ac.jejunu.UserDaoTests" tests="4" skipped="0" failures="0" errors="0" timestamp="2022-04-01T09:21:43" hostname="gimdoyun-ui-MacBookPro.local" time="0.875">
  <properties/>
  <testcase name="delete()" classname="kr.ac.jejunu.UserDaoTests" time="0.646"/>
  <testcase name="insert()" classname="kr.ac.jejunu.UserDaoTests" time="0.093"/>
  <testcase name="update()" classname="kr.ac.jejunu.UserDaoTests" time="0.099"/>
  <testcase name="findById()" classname="kr.ac.jejunu.UserDaoTests" time="0.028"/>
  <system-out><![CDATA[]]></system-out>
  <system-err><![CDATA[]]></system-err>
</testsuite>
