<?xml version="1.0" encoding="UTF-8"?>
<testsuite name="kr.ac.jejunu.UserDaoTests" tests="4" skipped="0" failures="0" errors="0" timestamp="2022-04-08T09:12:13" hostname="gimdoyun-ui-MacBookPro.local" time="0.854">
  <properties/>
  <testcase name="delete()" classname="kr.ac.jejunu.UserDaoTests" time="0.634"/>
  <testcase name="insert()" classname="kr.ac.jejunu.UserDaoTests" time="0.086"/>
  <testcase name="update()" classname="kr.ac.jejunu.UserDaoTests" time="0.101"/>
  <testcase name="findById()" classname="kr.ac.jejunu.UserDaoTests" time="0.023"/>
  <system-out><![CDATA[]]></system-out>
  <system-err><![CDATA[]]></system-err>
</testsuite>
